app/build/intermediates/manifest_merge_blame_file/debug/manifest-merger-blame-debug-report.txt
1<?xml version="1.0" encoding="utf-8"?>
2<manifest xmlns:android="http://schemas.android.com/apk/res/android"
3    package="com.octal.actorpay"
4    android:versionCode="1"
5    android:versionName="1.0" >
6
7    <uses-sdk
8        android:minSdkVersion="21"
8-->src\main\AndroidManifest.xml
9        android:targetSdkVersion="31" />
9-->src\main\AndroidManifest.xml
10
11    <uses-permission android:name="android.permission.INTERNET" />
11-->src\main\AndroidManifest.xml:4:1-62
11-->src\main\AndroidManifest.xml:4:18-60
12    <uses-permission android:name="android.permission.WAKE_LOCK" />
12-->[androidx.work:work-runtime:2.5.0] AndroidManifest.xml:25:5-68
12-->[androidx.work:work-runtime:2.5.0] AndroidManifest.xml:25:22-65
13    <uses-permission android:name="android.permission.ACCESS_NETWORK_STATE" />
13-->[androidx.work:work-runtime:2.5.0] AndroidManifest.xml:26:5-79
13-->[androidx.work:work-runtime:2.5.0] AndroidManifest.xml:26:22-76
14    <uses-permission android:name="android.permission.RECEIVE_BOOT_COMPLETED" />
14-->[androidx.work:work-runtime:2.5.0] AndroidManifest.xml:27:5-81
14-->[androidx.work:work-runtime:2.5.0] AndroidManifest.xml:27:22-78
15    <uses-permission android:name="android.permission.FOREGROUND_SERVICE" />
15-->[androidx.work:work-runtime:2.5.0] AndroidManifest.xml:28:5-77
15-->[androidx.work:work-runtime:2.5.0] AndroidManifest.xml:28:22-74
16
17    <application
17-->src\main\AndroidManifest.xml:5:5-21:19
18        android:allowBackup="true"
18-->src\main\AndroidManifest.xml:6:9-35
19        android:appComponentFactory="androidx.core.app.CoreComponentFactory"
19-->[androidx.core:core:1.6.0] AndroidManifest.xml:24:18-86
20        android:debuggable="true"
21        android:icon="@mipmap/ic_launcher"
21-->src\main\AndroidManifest.xml:7:9-43
22        android:label="@string/app_name"
22-->src\main\AndroidManifest.xml:8:9-41
23        android:roundIcon="@mipmap/ic_launcher_round"
23-->src\main\AndroidManifest.xml:9:9-54
24        android:supportsRtl="true"
24-->src\main\AndroidManifest.xml:10:9-35
25        android:testOnly="true"
26        android:theme="@style/Theme.ActorPayApp" >
26-->src\main\AndroidManifest.xml:11:9-49
27        <activity
27-->src\main\AndroidManifest.xml:12:9-20:20
28            android:name="com.octal.actorpay.MainActivity"
28-->src\main\AndroidManifest.xml:13:13-41
29            android:exported="true" >
29-->src\main\AndroidManifest.xml:14:13-36
30            <intent-filter>
30-->src\main\AndroidManifest.xml:15:13-19:29
31                <action android:name="android.intent.action.MAIN" />
31-->src\main\AndroidManifest.xml:16:17-69
31-->src\main\AndroidManifest.xml:16:25-66
32
33                <category android:name="android.intent.category.LAUNCHER" />
33-->src\main\AndroidManifest.xml:18:17-77
33-->src\main\AndroidManifest.xml:18:27-74
34            </intent-filter>
35        </activity>
36
37        <provider
37-->[androidx.work:work-runtime:2.5.0] AndroidManifest.xml:31:9-37:35
38            android:name="androidx.work.impl.WorkManagerInitializer"
38-->[androidx.work:work-runtime:2.5.0] AndroidManifest.xml:32:13-69
39            android:authorities="com.octal.actorpay.workmanager-init"
39-->[androidx.work:work-runtime:2.5.0] AndroidManifest.xml:33:13-68
40            android:directBootAware="false"
40-->[androidx.work:work-runtime:2.5.0] AndroidManifest.xml:34:13-44
41            android:exported="false"
41-->[androidx.work:work-runtime:2.5.0] AndroidManifest.xml:35:13-37
42            android:multiprocess="true" />
42-->[androidx.work:work-runtime:2.5.0] AndroidManifest.xml:36:13-40
43
44        <service
44-->[androidx.work:work-runtime:2.5.0] AndroidManifest.xml:39:9-44:35
45            android:name="androidx.work.impl.background.systemalarm.SystemAlarmService"
45-->[androidx.work:work-runtime:2.5.0] AndroidManifest.xml:40:13-88
46            android:directBootAware="false"
46-->[androidx.work:work-runtime:2.5.0] AndroidManifest.xml:41:13-44
47            android:enabled="@bool/enable_system_alarm_service_default"
47-->[androidx.work:work-runtime:2.5.0] AndroidManifest.xml:42:13-72
48            android:exported="false" />
48-->[androidx.work:work-runtime:2.5.0] AndroidManifest.xml:43:13-37
49        <service
49-->[androidx.work:work-runtime:2.5.0] AndroidManifest.xml:45:9-51:35
50            android:name="androidx.work.impl.background.systemjob.SystemJobService"
50-->[androidx.work:work-runtime:2.5.0] AndroidManifest.xml:46:13-84
51            android:directBootAware="false"
51-->[androidx.work:work-runtime:2.5.0] AndroidManifest.xml:47:13-44
52            android:enabled="@bool/enable_system_job_service_default"
52-->[androidx.work:work-runtime:2.5.0] AndroidManifest.xml:48:13-70
53            android:exported="true"
53-->[androidx.work:work-runtime:2.5.0] AndroidManifest.xml:49:13-36
54            android:permission="android.permission.BIND_JOB_SERVICE" />
54-->[androidx.work:work-runtime:2.5.0] AndroidManifest.xml:50:13-69
55        <service
55-->[androidx.work:work-runtime:2.5.0] AndroidManifest.xml:52:9-57:35
56            android:name="androidx.work.impl.foreground.SystemForegroundService"
56-->[androidx.work:work-runtime:2.5.0] AndroidManifest.xml:53:13-81
57            android:directBootAware="false"
57-->[androidx.work:work-runtime:2.5.0] AndroidManifest.xml:54:13-44
58            android:enabled="@bool/enable_system_foreground_service_default"
58-->[androidx.work:work-runtime:2.5.0] AndroidManifest.xml:55:13-77
59            android:exported="false" />
59-->[androidx.work:work-runtime:2.5.0] AndroidManifest.xml:56:13-37
60
61        <receiver
61-->[androidx.work:work-runtime:2.5.0] AndroidManifest.xml:59:9-64:35
62            android:name="androidx.work.impl.utils.ForceStopRunnable$BroadcastReceiver"
62-->[androidx.work:work-runtime:2.5.0] AndroidManifest.xml:60:13-88
63            android:directBootAware="false"
63-->[androidx.work:work-runtime:2.5.0] AndroidManifest.xml:61:13-44
64            android:enabled="true"
64-->[androidx.work:work-runtime:2.5.0] AndroidManifest.xml:62:13-35
65            android:exported="false" />
65-->[androidx.work:work-runtime:2.5.0] AndroidManifest.xml:63:13-37
66        <receiver
66-->[androidx.work:work-runtime:2.5.0] AndroidManifest.xml:65:9-75:20
67            android:name="androidx.work.impl.background.systemalarm.ConstraintProxy$BatteryChargingProxy"
67-->[androidx.work:work-runtime:2.5.0] AndroidManifest.xml:66:13-106
68            android:directBootAware="false"
68-->[androidx.work:work-runtime:2.5.0] AndroidManifest.xml:67:13-44
69            android:enabled="false"
69-->[androidx.work:work-runtime:2.5.0] AndroidManifest.xml:68:13-36
70            android:exported="false" >
70-->[androidx.work:work-runtime:2.5.0] AndroidManifest.xml:69:13-37
71            <intent-filter>
71-->[androidx.work:work-runtime:2.5.0] AndroidManifest.xml:71:13-74:29
72                <action android:name="android.intent.action.ACTION_POWER_CONNECTED" />
72-->[androidx.work:work-runtime:2.5.0] AndroidManifest.xml:72:17-87
72-->[androidx.work:work-runtime:2.5.0] AndroidManifest.xml:72:25-84
73                <action android:name="android.intent.action.ACTION_POWER_DISCONNECTED" />
73-->[androidx.work:work-runtime:2.5.0] AndroidManifest.xml:73:17-90
73-->[androidx.work:work-runtime:2.5.0] AndroidManifest.xml:73:25-87
74            </intent-filter>
75        </receiver>
76        <receiver
76-->[androidx.work:work-runtime:2.5.0] AndroidManifest.xml:76:9-86:20
77            android:name="androidx.work.impl.background.systemalarm.ConstraintProxy$BatteryNotLowProxy"
77-->[androidx.work:work-runtime:2.5.0] AndroidManifest.xml:77:13-104
78            android:directBootAware="false"
78-->[androidx.work:work-runtime:2.5.0] AndroidManifest.xml:78:13-44
79            android:enabled="false"
79-->[androidx.work:work-runtime:2.5.0] AndroidManifest.xml:79:13-36
80            android:exported="false" >
80-->[androidx.work:work-runtime:2.5.0] AndroidManifest.xml:80:13-37
81            <intent-filter>
81-->[androidx.work:work-runtime:2.5.0] AndroidManifest.xml:82:13-85:29
82                <action android:name="android.intent.action.BATTERY_OKAY" />
82-->[androidx.work:work-runtime:2.5.0] AndroidManifest.xml:83:17-77
82-->[androidx.work:work-runtime:2.5.0] AndroidManifest.xml:83:25-74
83                <action android:name="android.intent.action.BATTERY_LOW" />
83-->[androidx.work:work-runtime:2.5.0] AndroidManifest.xml:84:17-76
83-->[androidx.work:work-runtime:2.5.0] AndroidManifest.xml:84:25-73
84            </intent-filter>
85        </receiver>
86        <receiver
86-->[androidx.work:work-runtime:2.5.0] AndroidManifest.xml:87:9-97:20
87            android:name="androidx.work.impl.background.systemalarm.ConstraintProxy$StorageNotLowProxy"
87-->[androidx.work:work-runtime:2.5.0] AndroidManifest.xml:88:13-104
88            android:directBootAware="false"
88-->[androidx.work:work-runtime:2.5.0] AndroidManifest.xml:89:13-44
89            android:enabled="false"
89-->[androidx.work:work-runtime:2.5.0] AndroidManifest.xml:90:13-36
90            android:exported="false" >
90-->[androidx.work:work-runtime:2.5.0] AndroidManifest.xml:91:13-37
91            <intent-filter>
91-->[androidx.work:work-runtime:2.5.0] AndroidManifest.xml:93:13-96:29
92                <action android:name="android.intent.action.DEVICE_STORAGE_LOW" />
92-->[androidx.work:work-runtime:2.5.0] AndroidManifest.xml:94:17-83
92-->[androidx.work:work-runtime:2.5.0] AndroidManifest.xml:94:25-80
93                <action android:name="android.intent.action.DEVICE_STORAGE_OK" />
93-->[androidx.work:work-runtime:2.5.0] AndroidManifest.xml:95:17-82
93-->[androidx.work:work-runtime:2.5.0] AndroidManifest.xml:95:25-79
94            </intent-filter>
95        </receiver>
96        <receiver
96-->[androidx.work:work-runtime:2.5.0] AndroidManifest.xml:98:9-107:20
97            android:name="androidx.work.impl.background.systemalarm.ConstraintProxy$NetworkStateProxy"
97-->[androidx.work:work-runtime:2.5.0] AndroidManifest.xml:99:13-103
98            android:directBootAware="false"
98-->[androidx.work:work-runtime:2.5.0] AndroidManifest.xml:100:13-44
99            android:enabled="false"
99-->[androidx.work:work-runtime:2.5.0] AndroidManifest.xml:101:13-36
100            android:exported="false" >
100-->[androidx.work:work-runtime:2.5.0] AndroidManifest.xml:102:13-37
101            <intent-filter>
101-->[androidx.work:work-runtime:2.5.0] AndroidManifest.xml:104:13-106:29
102                <action android:name="android.net.conn.CONNECTIVITY_CHANGE" />
102-->[androidx.work:work-runtime:2.5.0] AndroidManifest.xml:105:17-79
102-->[androidx.work:work-runtime:2.5.0] AndroidManifest.xml:105:25-76
103            </intent-filter>
104        </receiver>
105        <receiver
105-->[androidx.work:work-runtime:2.5.0] AndroidManifest.xml:108:9-119:20
106            android:name="androidx.work.impl.background.systemalarm.RescheduleReceiver"
106-->[androidx.work:work-runtime:2.5.0] AndroidManifest.xml:109:13-88
107            android:directBootAware="false"
107-->[androidx.work:work-runtime:2.5.0] AndroidManifest.xml:110:13-44
108            android:enabled="false"
108-->[androidx.work:work-runtime:2.5.0] AndroidManifest.xml:111:13-36
109            android:exported="false" >
109-->[androidx.work:work-runtime:2.5.0] AndroidManifest.xml:112:13-37
110            <intent-filter>
110-->[androidx.work:work-runtime:2.5.0] AndroidManifest.xml:114:13-118:29
111                <action android:name="android.intent.action.BOOT_COMPLETED" />
111-->[androidx.work:work-runtime:2.5.0] AndroidManifest.xml:115:17-79
111-->[androidx.work:work-runtime:2.5.0] AndroidManifest.xml:115:25-76
112                <action android:name="android.intent.action.TIME_SET" />
112-->[androidx.work:work-runtime:2.5.0] AndroidManifest.xml:116:17-73
112-->[androidx.work:work-runtime:2.5.0] AndroidManifest.xml:116:25-70
113                <action android:name="android.intent.action.TIMEZONE_CHANGED" />
113-->[androidx.work:work-runtime:2.5.0] AndroidManifest.xml:117:17-81
113-->[androidx.work:work-runtime:2.5.0] AndroidManifest.xml:117:25-78
114            </intent-filter>
115        </receiver>
116        <receiver
116-->[androidx.work:work-runtime:2.5.0] AndroidManifest.xml:120:9-129:20
117            android:name="androidx.work.impl.background.systemalarm.ConstraintProxyUpdateReceiver"
117-->[androidx.work:work-runtime:2.5.0] AndroidManifest.xml:121:13-99
118            android:directBootAware="false"
118-->[androidx.work:work-runtime:2.5.0] AndroidManifest.xml:122:13-44
119            android:enabled="@bool/enable_system_alarm_service_default"
119-->[androidx.work:work-runtime:2.5.0] AndroidManifest.xml:123:13-72
120            android:exported="false" >
120-->[androidx.work:work-runtime:2.5.0] AndroidManifest.xml:124:13-37
121            <intent-filter>
121-->[androidx.work:work-runtime:2.5.0] AndroidManifest.xml:126:13-128:29
122                <action android:name="androidx.work.impl.background.systemalarm.UpdateProxies" />
122-->[androidx.work:work-runtime:2.5.0] AndroidManifest.xml:127:17-98
122-->[androidx.work:work-runtime:2.5.0] AndroidManifest.xml:127:25-95
123            </intent-filter>
124        </receiver>
125        <receiver
125-->[androidx.work:work-runtime:2.5.0] AndroidManifest.xml:130:9-140:20
126            android:name="androidx.work.impl.diagnostics.DiagnosticsReceiver"
126-->[androidx.work:work-runtime:2.5.0] AndroidManifest.xml:131:13-78
127            android:directBootAware="false"
127-->[androidx.work:work-runtime:2.5.0] AndroidManifest.xml:132:13-44
128            android:enabled="true"
128-->[androidx.work:work-runtime:2.5.0] AndroidManifest.xml:133:13-35
129            android:exported="true"
129-->[androidx.work:work-runtime:2.5.0] AndroidManifest.xml:134:13-36
130            android:permission="android.permission.DUMP" >
130-->[androidx.work:work-runtime:2.5.0] AndroidManifest.xml:135:13-57
131            <intent-filter>
131-->[androidx.work:work-runtime:2.5.0] AndroidManifest.xml:137:13-139:29
132                <action android:name="androidx.work.diagnostics.REQUEST_DIAGNOSTICS" />
132-->[androidx.work:work-runtime:2.5.0] AndroidManifest.xml:138:17-88
132-->[androidx.work:work-runtime:2.5.0] AndroidManifest.xml:138:25-85
133            </intent-filter>
134        </receiver>
135
136        <provider
136-->[androidx.lifecycle:lifecycle-process:2.4.0-rc01] AndroidManifest.xml:26:9-34:20
137            android:name="androidx.startup.InitializationProvider"
137-->[androidx.lifecycle:lifecycle-process:2.4.0-rc01] AndroidManifest.xml:27:13-67
138            android:authorities="com.octal.actorpay.androidx-startup"
138-->[androidx.lifecycle:lifecycle-process:2.4.0-rc01] AndroidManifest.xml:28:13-68
139            android:exported="false" >
139-->[androidx.lifecycle:lifecycle-process:2.4.0-rc01] AndroidManifest.xml:29:13-37
140            <meta-data
140-->[androidx.lifecycle:lifecycle-process:2.4.0-rc01] AndroidManifest.xml:31:13-33:52
141                android:name="androidx.lifecycle.ProcessLifecycleInitializer"
141-->[androidx.lifecycle:lifecycle-process:2.4.0-rc01] AndroidManifest.xml:32:17-78
142                android:value="androidx.startup" />
142-->[androidx.lifecycle:lifecycle-process:2.4.0-rc01] AndroidManifest.xml:33:17-49
143            <meta-data
143-->[androidx.profileinstaller:profileinstaller:1.0.0-beta01] AndroidManifest.xml:31:13-33:52
144                android:name="androidx.profileinstaller.ProfileInstallerInitializer"
144-->[androidx.profileinstaller:profileinstaller:1.0.0-beta01] AndroidManifest.xml:32:17-85
145                android:value="androidx.startup" />
145-->[androidx.profileinstaller:profileinstaller:1.0.0-beta01] AndroidManifest.xml:33:17-49
146        </provider>
147
148        <receiver
148-->[androidx.profileinstaller:profileinstaller:1.0.0-beta01] AndroidManifest.xml:36:9-45:20
149            android:name="androidx.profileinstaller.ProfileInstallReceiver"
149-->[androidx.profileinstaller:profileinstaller:1.0.0-beta01] AndroidManifest.xml:37:13-76
150            android:directBootAware="false"
150-->[androidx.profileinstaller:profileinstaller:1.0.0-beta01] AndroidManifest.xml:38:13-44
151            android:enabled="true"
151-->[androidx.profileinstaller:profileinstaller:1.0.0-beta01] AndroidManifest.xml:39:13-35
152            android:exported="true"
152-->[androidx.profileinstaller:profileinstaller:1.0.0-beta01] AndroidManifest.xml:40:13-36
153            android:permission="android.permission.DUMP" >
153-->[androidx.profileinstaller:profileinstaller:1.0.0-beta01] AndroidManifest.xml:41:13-57
154            <intent-filter>
154-->[androidx.profileinstaller:profileinstaller:1.0.0-beta01] AndroidManifest.xml:42:13-44:29
155                <action android:name="androidx.profileinstaller.action.INSTALL_PROFILE" />
155-->[androidx.profileinstaller:profileinstaller:1.0.0-beta01] AndroidManifest.xml:43:17-91
155-->[androidx.profileinstaller:profileinstaller:1.0.0-beta01] AndroidManifest.xml:43:25-88
156            </intent-filter>
157        </receiver>
158
159        <service
159-->[androidx.room:room-runtime:2.2.5] AndroidManifest.xml:25:9-28:40
160            android:name="androidx.room.MultiInstanceInvalidationService"
160-->[androidx.room:room-runtime:2.2.5] AndroidManifest.xml:26:13-74
161            android:directBootAware="true"
161-->[androidx.room:room-runtime:2.2.5] AndroidManifest.xml:27:13-43
162            android:exported="false" />
162-->[androidx.room:room-runtime:2.2.5] AndroidManifest.xml:28:13-37
163    </application>
164
165</manifest>